<?xml version="1.0" encoding="UTF-8"?>
<!-- Generated by org.testng.reporters.JUnitReportReporter -->
<testsuite skipped="0" hostname="ATMECSINDT-052" name="com.atmecs.bookmyshow.AppTest" tests="8" failures="0" timestamp="22 May 2019 10:22:30 GMT" time="0.348" errors="0">
  <testcase name="testSeatVerification" time="0.003" classname="com.atmecs.bookmyshow.AppTest"/>
  <testcase name="testSeatSelection" time="0.002" classname="com.atmecs.bookmyshow.AppTest"/>
  <testcase name="testPaymentMode" time="0.310" classname="com.atmecs.bookmyshow.AppTest"/>
  <testcase name="testFinalBilling" time="0.011" classname="com.atmecs.bookmyshow.AppTest"/>
  <testcase name="testRevenue" time="0.003" classname="com.atmecs.bookmyshow.AppTest"/>
  <testcase name="testSeatAvailability" time="0.005" classname="com.atmecs.bookmyshow.AppTest"/>
  <testcase name="testSeatStatus" time="0.002" classname="com.atmecs.bookmyshow.AppTest"/>
  <testcase name="testUserLoginSignUpChoice" time="0.012" classname="com.atmecs.bookmyshow.AppTest"/>
</testsuite> <!-- com.atmecs.bookmyshow.AppTest -->
