<?xml version="1.0" encoding="UTF-8"?>
<!-- Generated by org.testng.reporters.JUnitReportReporter -->
<testsuite skipped="0" hostname="ATMECSINDT-052" name="com.atmecs.bookmyshow.AppTest" tests="4" failures="0" timestamp="16 May 2019 10:27:59 GMT" time="0.018" errors="0">
  <testcase name="testRevenue" time="0.002" classname="com.atmecs.bookmyshow.AppTest"/>
  <testcase name="testFinalBilling" time="0.011" classname="com.atmecs.bookmyshow.AppTest"/>
  <testcase name="testSeatAvailability" time="0.004" classname="com.atmecs.bookmyshow.AppTest"/>
  <testcase name="testSeatSelection" time="0.001" classname="com.atmecs.bookmyshow.AppTest"/>
</testsuite> <!-- com.atmecs.bookmyshow.AppTest -->
