<?xml version="1.0" encoding="UTF-8"?>
<!-- Generated by org.testng.reporters.JUnitReportReporter -->
<testsuite skipped="0" hostname="ATMECSINDT-052" name="com.atmecs.bookmyshow.AppTest" tests="4" failures="0" timestamp="17 May 2019 07:00:38 GMT" time="0.022" errors="0">
  <testcase name="testSeatSelection" time="0.001" classname="com.atmecs.bookmyshow.AppTest"/>
  <testcase name="testRevenue" time="0.002" classname="com.atmecs.bookmyshow.AppTest"/>
  <testcase name="testFinalBilling" time="0.017" classname="com.atmecs.bookmyshow.AppTest"/>
  <testcase name="testSeatAvailability" time="0.002" classname="com.atmecs.bookmyshow.AppTest"/>
</testsuite> <!-- com.atmecs.bookmyshow.AppTest -->
